SLURM_JOB_ID: 5055374
SLURM_JOB_NAME: modelruns_arima_MAR_A
SLURM_JOB_NODELIST: cn039
SLURM_ARRAY_TASK_ID: 1
── Attaching core tidyverse packages ──────────────────────── tidyverse 2.0.0 ──
✔ dplyr     1.1.4     ✔ readr     2.1.5
✔ forcats   1.0.0     ✔ stringr   1.5.1
✔ ggplot2   3.5.1     ✔ tibble    3.2.1
✔ lubridate 1.9.3     ✔ tidyr     1.3.1
✔ purrr     1.0.2     
── Conflicts ────────────────────────────────────────── tidyverse_conflicts() ──
✖ dplyr::filter() masks stats::filter()
✖ dplyr::lag()    masks stats::lag()
ℹ Use the conflicted package (<http://conflicted.r-lib.org/>) to force all conflicts to become errors
Loading required package: Rcpp
## 
## Amelia II: Multiple Imputation
## (Version 1.8.2, built: 2024-04-10)
## Copyright (C) 2005-2024 James Honaker, Gary King and Matthew Blackwell
## Refer to http://gking.harvard.edu/amelia/ for more information
## 
Error in gzfile(file, "rb") : cannot open the connection
Calls: readRDS -> gzfile
In addition: Warning message:
In gzfile(file, "rb") :
  cannot open compressed file '/project/modelscape/users/astears/gauss_sim_randMiss_A.rds', probable reason 'No such file or directory'
Execution halted
